2022-12-30:13:21:16, INFO     [database.py:17]  DB_URL: sqlite:///./fastapi-practice.db
2022-12-30:13:21:50, INFO [database.py:17]  DB_URL: sqlite:///./fastapi-practice.db
2022-12-30:13:32:31, INFO [database.py:16]  DB_URL: sqlite:///./fastapi-practice.db
2022-12-30:15:00:28, INFO [database.py:16]  DB_URL: sqlite:///./fastapi-practice.db
2022-12-30:15:01:46, INFO [database.py:16]  DB_URL: sqlite:///./fastapi-practice.db
2022-12-31:13:37:29, INFO [database.py:16]  DB_URL: sqlite:///./fastapi-practice.db
2022-12-31:13:37:42, INFO [database.py:16]  DB_URL: sqlite:///./fastapi-practice.db
2022-12-31:13:39:27, INFO [database.py:16]  DB_URL: sqlite:///./fastapi-practice.db
2022-12-31:13:45:14, INFO [database.py:16]  DB_URL: sqlite:///./fastapi-practice.db
2022-12-31:13:48:34, INFO [database.py:16]  DB_URL: sqlite:///./fastapi-practice.db
2022-12-31:13:49:25, INFO [database.py:16]  DB_URL: sqlite:///./fastapi-practice.db
2022-12-31:13:52:32, INFO [database.py:16]  DB_URL: sqlite:///./fastapi-practice.db
2022-12-31:13:52:44, INFO [database.py:16]  DB_URL: sqlite:///./fastapi-practice.db
2022-12-31:13:55:03, INFO [database.py:16]  DB_URL: sqlite:///./fastapi-practice.db
2022-12-31:13:55:11, INFO [database.py:16]  DB_URL: sqlite:///./fastapi-practice.db
2022-12-31:13:58:22, INFO [database.py:16]  DB_URL: sqlite:///./fastapi-practice.db
2022-12-31:13:58:35, INFO [database.py:16]  DB_URL: sqlite:///./fastapi-practice.db
2022-12-31:13:59:13, INFO [database.py:16]  DB_URL: sqlite:///./fastapi-practice.db
2022-12-31:14:00:37, INFO [database.py:16]  DB_URL: sqlite:///./fastapi-practice.db
2022-12-31:14:02:32, INFO [database.py:16]  DB_URL: sqlite:///./fastapi-practice.db
2022-12-31:14:05:44, INFO [database.py:16]  DB_URL: sqlite:///./fastapi-practice.db
2022-12-31:14:13:29, INFO [database.py:16]  DB_URL: sqlite:///./fastapi-practice.db
2022-12-31:14:17:39, INFO [database.py:16]  DB_URL: sqlite:///./fastapi-practice.db
2022-12-31:14:19:24, INFO [database.py:16]  DB_URL: sqlite:///./fastapi-practice.db
2022-12-31:15:57:56, INFO [database.py:16]  DB_URL: sqlite:///./fastapi-practice.db
2022-12-31:15:59:49, INFO [database.py:16]  DB_URL: sqlite:///./fastapi-practice.db
2022-12-31:16:00:27, INFO [database.py:16]  DB_URL: sqlite:///./fastapi-practice.db
2022-12-31:16:01:35, INFO [database.py:16]  DB_URL: sqlite:///./fastapi-practice.db
2022-12-31:16:02:52, INFO [database.py:16]  DB_URL: sqlite:///./fastapi-practice.db
2022-12-31:16:08:18, INFO [database.py:16]  DB_URL: sqlite:///./fastapi-practice.db
2022-12-31:16:08:56, INFO [database.py:16]  DB_URL: sqlite:///./fastapi-practice.db
2022-12-31:16:08:59, INFO [database.py:16]  DB_URL: sqlite:///./fastapi-practice.db
2022-12-31:16:12:40, INFO [database.py:16]  DB_URL: sqlite:///./fastapi-practice.db
2022-12-31:16:14:33, INFO [database.py:16]  DB_URL: sqlite:///./fastapi-practice.db
2022-12-31:16:19:10, INFO [database.py:16]  DB_URL: sqlite:///./fastapi-practice.db
2022-12-31:16:20:02, INFO [database.py:16]  DB_URL: sqlite:///./fastapi-practice.db
2022-12-31:16:21:22, INFO [database.py:16]  DB_URL: sqlite:///./fastapi-practice.db
2023-01-01:10:40:43, INFO [database.py:16]  DB_URL: sqlite:///./fastapi-practice.db
2023-01-01:10:47:17, INFO [database.py:16]  DB_URL: sqlite:///./fastapi-practice.db
2023-01-01:10:50:22, INFO [database.py:16]  DB_URL: sqlite:///./fastapi-practice.db
2023-01-01:10:50:52, INFO [database.py:16]  DB_URL: sqlite:///./fastapi-practice.db
2023-01-01:10:51:56, INFO [database.py:16]  DB_URL: sqlite:///./fastapi-practice.db
2023-01-01:10:52:18, INFO [database.py:16]  DB_URL: sqlite:///./fastapi-practice.db
2023-01-01:10:52:25, INFO [database.py:16]  DB_URL: sqlite:///./fastapi-practice.db
2023-01-01:10:52:58, INFO [database.py:16]  DB_URL: sqlite:///./fastapi-practice.db
2023-01-01:10:53:18, INFO [database.py:16]  DB_URL: sqlite:///./fastapi-practice.db
2023-01-01:10:53:29, INFO [database.py:16]  DB_URL: sqlite:///./fastapi-practice.db
2023-01-01:10:53:43, INFO [database.py:16]  DB_URL: sqlite:///./fastapi-practice.db
2023-01-01:10:54:03, INFO [database.py:16]  DB_URL: sqlite:///./fastapi-practice.db
2023-01-01:10:54:41, INFO [database.py:16]  DB_URL: sqlite:///./fastapi-practice.db
2023-01-01:10:55:20, INFO [database.py:16]  DB_URL: sqlite:///./fastapi-practice.db
2023-01-01:10:55:48, INFO [database.py:16]  DB_URL: sqlite:///./fastapi-practice.db
2023-01-01:11:06:21, INFO [database.py:16]  DB_URL: sqlite:///./fastapi-practice.db
2023-01-01:11:09:40, INFO [database.py:16]  DB_URL: sqlite:///./fastapi-practice.db
2023-01-01:11:15:48, INFO [database.py:16]  DB_URL: sqlite:///./fastapi-practice.db
2023-01-01:11:15:59, INFO [database.py:16]  DB_URL: sqlite:///./fastapi-practice.db
2023-01-01:11:23:03, INFO [database.py:16]  DB_URL: sqlite:///./fastapi-practice.db
2023-01-01:11:23:51, INFO [database.py:16]  DB_URL: sqlite:///./fastapi-practice.db
2023-01-01:11:24:41, INFO [database.py:16]  DB_URL: sqlite:///./fastapi-practice.db
2023-01-01:11:28:08, INFO [database.py:16]  DB_URL: sqlite:///./fastapi-practice.db
2023-01-01:16:01:01, INFO [database.py:16]  DB_URL: sqlite:///./fastapi-practice.db
2023-01-01:16:02:29, INFO [database.py:16]  DB_URL: sqlite:///./fastapi-practice.db
2023-01-01:16:04:33, INFO [database.py:16]  DB_URL: sqlite:///./fastapi-practice.db
2023-01-01:16:05:52, INFO [database.py:16]  DB_URL: sqlite:///./fastapi-practice.db
2023-01-01:16:06:08, INFO [database.py:16]  DB_URL: sqlite:///./fastapi-practice.db
2023-01-01:16:07:10, INFO [database.py:16]  DB_URL: sqlite:///./fastapi-practice.db
2023-01-01:16:07:46, INFO [database.py:16]  DB_URL: sqlite:///./fastapi-practice.db
2023-01-01:16:08:17, INFO [database.py:16]  DB_URL: sqlite:///./fastapi-practice.db
2023-01-01:16:10:31, INFO [database.py:16]  DB_URL: sqlite:///./fastapi-practice.db
2023-01-01:16:11:22, INFO [database.py:16]  DB_URL: sqlite:///./fastapi-practice.db
2023-01-01:16:13:08, INFO [database.py:16]  DB_URL: sqlite:///./fastapi-practice.db
2023-01-01:16:15:55, INFO [database.py:16]  DB_URL: sqlite:///./fastapi-practice.db
2023-01-01:16:19:21, INFO [database.py:16]  DB_URL: sqlite:///./fastapi-practice.db
2023-01-01:16:20:09, INFO [database.py:16]  DB_URL: sqlite:///./fastapi-practice.db
2023-01-01:21:54:35, INFO [database.py:16]  DB_URL: sqlite:///./fastapi-practice.db
2023-01-01:21:57:19, INFO [database.py:16]  DB_URL: sqlite:///./fastapi-practice.db
2023-01-01:22:10:21, INFO [database.py:16]  DB_URL: sqlite:///./fastapi-practice.db
2023-01-01:22:16:01, INFO [database.py:16]  DB_URL: sqlite:///./fastapi-practice.db
2023-01-01:22:16:26, INFO [database.py:16]  DB_URL: sqlite:///./fastapi-practice.db
2023-01-01:22:21:45, INFO [database.py:16]  DB_URL: sqlite:///./fastapi-practice.db
2023-01-01:22:22:22, INFO [database.py:16]  DB_URL: sqlite:///./fastapi-practice.db
2023-01-01:22:22:46, INFO [database.py:16]  DB_URL: sqlite:///./fastapi-practice.db
2023-01-01:22:26:06, INFO [database.py:16]  DB_URL: sqlite:///./fastapi-practice.db
2023-01-01:22:27:41, INFO [database.py:16]  DB_URL: sqlite:///./fastapi-practice.db
2023-01-01:22:28:32, INFO [database.py:16]  DB_URL: sqlite:///./fastapi-practice.db
2023-01-01:22:30:06, INFO [database.py:16]  DB_URL: sqlite:///./fastapi-practice.db
2023-01-01:22:30:41, INFO [database.py:16]  DB_URL: sqlite:///./fastapi-practice.db
2023-01-01:22:30:50, INFO [database.py:16]  DB_URL: sqlite:///./fastapi-practice.db
2023-01-01:22:32:56, INFO [database.py:16]  DB_URL: sqlite:///./fastapi-practice.db
2023-01-01:22:41:08, INFO [database.py:16]  DB_URL: sqlite:///./fastapi-practice.db
2023-01-02:10:51:18, INFO [database.py:16]  DB_URL: sqlite:///./fastapi-practice.db
2023-01-02:10:51:44, INFO [database.py:16]  DB_URL: sqlite:///./fastapi-practice.db
2023-01-02:10:52:25, INFO [database.py:16]  DB_URL: sqlite:///./fastapi-practice.db
2023-01-02:11:02:55, INFO [database.py:16]  DB_URL: sqlite:///./fastapi-practice.db
2023-01-02:11:42:51, INFO [database.py:16]  DB_URL: sqlite:///./fastapi-practice.db
2023-01-02:11:43:43, INFO [database.py:16]  DB_URL: sqlite:///./fastapi-practice.db
2023-01-02:11:43:56, INFO [database.py:16]  DB_URL: sqlite:///./fastapi-practice.db
2023-01-06:11:08:49, INFO [database.py:16]  DB_URL: sqlite:///./fastapi-practice.db
2023-01-06:11:12:31, INFO [database.py:16]  DB_URL: sqlite:///./fastapi-practice.db
2023-01-06:11:14:24, INFO [database.py:16]  DB_URL: sqlite:///./fastapi-practice.db
2023-01-06:11:16:05, INFO [database.py:16]  DB_URL: sqlite:///./fastapi-practice.db
2023-01-06:11:17:58, INFO [database.py:16]  DB_URL: sqlite:///./fastapi-practice.db
2023-01-06:11:19:07, INFO [database.py:16]  DB_URL: sqlite:///./fastapi-practice.db
2023-01-06:11:20:02, INFO [database.py:16]  DB_URL: sqlite:///./fastapi-practice.db
2023-01-06:11:20:14, INFO [database.py:16]  DB_URL: sqlite:///./fastapi-practice.db
2023-01-06:11:20:24, INFO [database.py:16]  DB_URL: sqlite:///./fastapi-practice.db
2023-01-06:11:20:39, INFO [database.py:16]  DB_URL: sqlite:///./fastapi-practice.db
2023-01-06:11:25:23, INFO [database.py:16]  DB_URL: sqlite:///./fastapi-practice.db
2023-01-06:11:25:56, INFO [database.py:16]  DB_URL: sqlite:///./fastapi-practice.db
2023-01-06:11:26:08, INFO [database.py:16]  DB_URL: sqlite:///./fastapi-practice.db
2023-01-06:11:27:12, INFO [database.py:16]  DB_URL: sqlite:///./fastapi-practice.db
2023-01-06:11:30:06, INFO [database.py:16]  DB_URL: sqlite:///./fastapi-practice.db
2023-01-06:11:30:39, INFO [database.py:16]  DB_URL: sqlite:///./fastapi-practice.db
2023-01-06:11:31:26, INFO [database.py:16]  DB_URL: sqlite:///./fastapi-practice.db
2023-01-06:11:31:38, INFO [database.py:16]  DB_URL: sqlite:///./fastapi-practice.db
2023-01-06:14:18:03, INFO [database.py:16]  DB_URL: sqlite:///./fastapi-practice.db
2023-01-06:14:22:18, INFO [database.py:16]  DB_URL: sqlite:///./fastapi-practice.db
2023-01-06:14:24:11, INFO [database.py:16]  DB_URL: sqlite:///./fastapi-practice.db
2023-01-06:14:24:59, INFO [database.py:16]  DB_URL: sqlite:///./fastapi-practice.db
2023-01-06:14:25:07, INFO [database.py:16]  DB_URL: sqlite:///./fastapi-practice.db
2023-01-06:14:25:46, INFO [database.py:16]  DB_URL: sqlite:///./fastapi-practice.db
2023-01-06:14:26:34, INFO [database.py:16]  DB_URL: sqlite:///./fastapi-practice.db
2023-01-06:14:27:01, INFO [database.py:16]  DB_URL: sqlite:///./fastapi-practice.db
2023-01-06:14:29:33, INFO [database.py:16]  DB_URL: sqlite:///./fastapi-practice.db
2023-01-06:14:31:38, INFO [database.py:16]  DB_URL: sqlite:///./fastapi-practice.db
2023-01-06:14:32:05, INFO [database.py:16]  DB_URL: sqlite:///./fastapi-practice.db
2023-01-06:14:48:49, INFO [database.py:16]  DB_URL: sqlite:///./fastapi-practice.db
2023-01-06:14:49:04, INFO [database.py:16]  DB_URL: sqlite:///./fastapi-practice.db
2023-01-06:14:49:49, INFO [database.py:16]  DB_URL: sqlite:///./fastapi-practice.db
2023-01-06:14:49:55, INFO [database.py:16]  DB_URL: sqlite:///./fastapi-practice.db
2023-01-06:14:50:02, INFO [database.py:16]  DB_URL: sqlite:///./fastapi-practice.db
2023-01-06:14:50:59, INFO [database.py:16]  DB_URL: sqlite:///./fastapi-practice.db
2023-01-06:14:51:30, INFO [database.py:16]  DB_URL: sqlite:///./fastapi-practice.db
2023-01-06:14:52:10, INFO [database.py:16]  DB_URL: sqlite:///./fastapi-practice.db
2023-01-06:14:53:01, INFO [database.py:16]  DB_URL: sqlite:///./fastapi-practice.db
2023-01-06:14:54:35, INFO [database.py:16]  DB_URL: sqlite:///./fastapi-practice.db
2023-01-06:14:57:37, INFO [database.py:16]  DB_URL: sqlite:///./fastapi-practice.db
2023-01-06:14:58:11, INFO [database.py:16]  DB_URL: sqlite:///./fastapi-practice.db
2023-01-06:14:58:58, INFO [database.py:16]  DB_URL: sqlite:///./fastapi-practice.db
2023-01-06:14:59:23, INFO [database.py:16]  DB_URL: sqlite:///./fastapi-practice.db
2023-01-06:15:04:16, INFO [database.py:16]  DB_URL: sqlite:///./fastapi-practice.db
2023-01-07:16:08:55, INFO [database.py:16]  DB_URL: sqlite:///./fastapi-practice.db
2023-01-07:16:25:30, INFO [database.py:16]  DB_URL: sqlite:///./fastapi-practice.db
2023-01-07:16:25:50, INFO [database.py:16]  DB_URL: sqlite:///./fastapi-practice.db
2023-01-07:16:26:13, INFO [database.py:16]  DB_URL: sqlite:///./fastapi-practice.db
2023-01-07:16:26:26, INFO [database.py:16]  DB_URL: sqlite:///./fastapi-practice.db
2023-01-07:16:26:48, INFO [database.py:16]  DB_URL: sqlite:///./fastapi-practice.db
2023-01-07:16:27:01, INFO [database.py:16]  DB_URL: sqlite:///./fastapi-practice.db
2023-01-07:16:27:19, INFO [database.py:16]  DB_URL: sqlite:///./fastapi-practice.db
2023-01-07:16:29:08, INFO [database.py:16]  DB_URL: sqlite:///./fastapi-practice.db
2023-01-07:16:32:29, INFO [database.py:16]  DB_URL: sqlite:///./fastapi-practice.db
2023-01-07:16:32:46, INFO [database.py:16]  DB_URL: sqlite:///./fastapi-practice.db
2023-01-07:16:33:04, INFO [database.py:16]  DB_URL: sqlite:///./fastapi-practice.db
2023-01-07:16:33:16, INFO [database.py:16]  DB_URL: sqlite:///./fastapi-practice.db
2023-01-07:16:36:26, INFO [database.py:16]  DB_URL: sqlite:///./fastapi-practice.db
2023-01-07:16:36:44, INFO [database.py:16]  DB_URL: sqlite:///./fastapi-practice.db
2023-01-07:16:38:01, INFO [database.py:16]  DB_URL: sqlite:///./fastapi-practice.db
2023-01-07:16:38:44, INFO [database.py:16]  DB_URL: sqlite:///./fastapi-practice.db
2023-01-07:16:40:07, INFO [database.py:16]  DB_URL: sqlite:///./fastapi-practice.db
2023-01-07:17:20:35, INFO [database.py:16]  DB_URL: sqlite:///./fastapi-practice.db
2023-01-07:17:20:42, INFO [database.py:16]  DB_URL: sqlite:///./fastapi-practice.db
2023-01-07:17:21:49, INFO [database.py:16]  DB_URL: sqlite:///./fastapi-practice.db
2023-01-07:17:24:32, INFO [database.py:16]  DB_URL: sqlite:///./fastapi-practice.db
2023-01-07:17:29:55, INFO [database.py:16]  DB_URL: sqlite:///./fastapi-practice.db
2023-01-07:17:30:52, INFO [database.py:16]  DB_URL: sqlite:///./fastapi-practice.db
2023-01-07:17:31:12, INFO [database.py:16]  DB_URL: sqlite:///./fastapi-practice.db
2023-01-07:17:31:51, INFO [database.py:16]  DB_URL: sqlite:///./fastapi-practice.db
2023-01-07:17:33:17, INFO [database.py:16]  DB_URL: sqlite:///./fastapi-practice.db
2023-01-07:17:38:19, INFO [database.py:16]  DB_URL: sqlite:///./fastapi-practice.db
2023-01-07:17:41:30, INFO [database.py:16]  DB_URL: sqlite:///./fastapi-practice.db
2023-01-07:17:42:07, INFO [database.py:16]  DB_URL: sqlite:///./fastapi-practice.db
2023-01-07:17:42:45, INFO [database.py:16]  DB_URL: sqlite:///./fastapi-practice.db
2023-01-07:17:43:06, INFO [database.py:16]  DB_URL: sqlite:///./fastapi-practice.db
2023-01-07:17:43:29, INFO [database.py:16]  DB_URL: sqlite:///./fastapi-practice.db
2023-01-07:17:43:39, INFO [database.py:16]  DB_URL: sqlite:///./fastapi-practice.db
2023-01-07:17:44:42, INFO [database.py:16]  DB_URL: sqlite:///./fastapi-practice.db
2023-01-07:17:44:54, INFO [database.py:16]  DB_URL: sqlite:///./fastapi-practice.db
2023-01-08:07:40:06, INFO [database.py:16]  DB_URL: sqlite:///./fastapi-practice.db
2023-01-08:07:49:26, INFO [database.py:16]  DB_URL: sqlite:///./fastapi-practice.db
2023-01-08:07:49:48, INFO [database.py:16]  DB_URL: sqlite:///./fastapi-practice.db
2023-01-08:07:49:57, INFO [database.py:16]  DB_URL: sqlite:///./fastapi-practice.db
2023-01-08:07:50:23, INFO [database.py:16]  DB_URL: sqlite:///./fastapi-practice.db
2023-01-08:07:50:41, INFO [database.py:16]  DB_URL: sqlite:///./fastapi-practice.db
2023-01-08:07:50:46, INFO [database.py:16]  DB_URL: sqlite:///./fastapi-practice.db
2023-01-08:07:50:59, INFO [database.py:16]  DB_URL: sqlite:///./fastapi-practice.db
2023-01-08:07:51:12, INFO [database.py:16]  DB_URL: sqlite:///./fastapi-practice.db
2023-01-08:07:51:58, INFO [database.py:16]  DB_URL: sqlite:///./fastapi-practice.db
2023-01-08:08:02:37, INFO [database.py:16]  DB_URL: sqlite:///./fastapi-practice.db
2023-01-08:08:02:37, ERROR [utils.py:110] Form data requires "python-multipart" to be installed. 
You can install "python-multipart" with: 

pip install python-multipart

2023-01-08:08:27:14, INFO [database.py:16]  DB_URL: sqlite:///./fastapi-practice.db
2023-01-08:08:27:14, ERROR [utils.py:110] Form data requires "python-multipart" to be installed. 
You can install "python-multipart" with: 

pip install python-multipart

2023-01-08:08:27:46, INFO [database.py:16]  DB_URL: sqlite:///./fastapi-practice.db
2023-01-08:08:30:01, INFO [database.py:16]  DB_URL: sqlite:///./fastapi-practice.db
2023-01-08:12:20:08, INFO [database.py:16]  DB_URL: sqlite:///./fastapi-practice.db
2023-01-08:12:26:54, INFO [database.py:16]  DB_URL: sqlite:///./fastapi-practice.db
2023-01-08:12:32:01, INFO [database.py:16]  DB_URL: sqlite:///./fastapi-practice.db
2023-01-08:15:07:20, INFO [database.py:16]  DB_URL: sqlite:///./fastapi-practice.db
2023-01-08:15:08:40, INFO [database.py:16]  DB_URL: sqlite:///./fastapi-practice.db
2023-01-08:15:10:04, INFO [database.py:16]  DB_URL: sqlite:///./fastapi-practice.db
2023-01-10:17:09:23, INFO [database.py:16]  DB_URL: sqlite:///./fastapi-practice.db
2023-01-10:17:10:59, INFO [database.py:16]  DB_URL: sqlite:///./fastapi-practice.db
2023-01-10:17:11:34, INFO [database.py:16]  DB_URL: sqlite:///./fastapi-practice.db
2023-01-10:17:11:45, INFO [database.py:16]  DB_URL: sqlite:///./fastapi-practice.db
2023-01-10:17:11:56, INFO [database.py:16]  DB_URL: sqlite:///./fastapi-practice.db
2023-01-10:17:12:01, INFO [database.py:16]  DB_URL: sqlite:///./fastapi-practice.db
2023-01-10:17:12:07, INFO [database.py:16]  DB_URL: sqlite:///./fastapi-practice.db
2023-01-10:17:13:02, INFO [database.py:16]  DB_URL: sqlite:///./fastapi-practice.db
2023-01-10:17:14:17, INFO [database.py:16]  DB_URL: sqlite:///./fastapi-practice.db
2023-01-10:17:14:52, INFO [database.py:16]  DB_URL: sqlite:///./fastapi-practice.db
2023-01-10:17:15:06, INFO [database.py:16]  DB_URL: sqlite:///./fastapi-practice.db
2023-01-10:17:15:11, INFO [database.py:16]  DB_URL: sqlite:///./fastapi-practice.db
2023-01-10:17:15:17, INFO [database.py:16]  DB_URL: sqlite:///./fastapi-practice.db
2023-01-10:17:15:21, INFO [database.py:16]  DB_URL: sqlite:///./fastapi-practice.db
2023-01-10:17:19:55, INFO [database.py:16]  DB_URL: sqlite:///./fastapi-practice.db
2023-01-10:17:20:20, INFO [database.py:16]  DB_URL: sqlite:///./fastapi-practice.db
2023-01-10:17:20:29, INFO [database.py:16]  DB_URL: sqlite:///./fastapi-practice.db
2023-01-10:17:20:36, INFO [database.py:16]  DB_URL: sqlite:///./fastapi-practice.db
2023-01-10:17:20:48, INFO [database.py:16]  DB_URL: sqlite:///./fastapi-practice.db
2023-01-10:17:21:00, INFO [database.py:16]  DB_URL: sqlite:///./fastapi-practice.db
2023-01-10:17:21:20, INFO [database.py:16]  DB_URL: sqlite:///./fastapi-practice.db
2023-01-10:17:21:38, INFO [database.py:16]  DB_URL: sqlite:///./fastapi-practice.db
2023-01-10:17:22:07, INFO [database.py:16]  DB_URL: sqlite:///./fastapi-practice.db
2023-01-10:17:22:32, INFO [database.py:16]  DB_URL: sqlite:///./fastapi-practice.db
2023-01-10:17:23:16, INFO [database.py:16]  DB_URL: sqlite:///./fastapi-practice.db
2023-01-10:17:24:00, INFO [database.py:16]  DB_URL: sqlite:///./fastapi-practice.db
2023-01-10:17:24:43, INFO [database.py:16]  DB_URL: sqlite:///./fastapi-practice.db
2023-01-10:17:25:24, INFO [database.py:16]  DB_URL: sqlite:///./fastapi-practice.db
2023-01-10:17:26:33, INFO [database.py:16]  DB_URL: sqlite:///./fastapi-practice.db
2023-01-10:17:27:00, INFO [database.py:16]  DB_URL: sqlite:///./fastapi-practice.db
2023-01-10:17:29:33, INFO [database.py:16]  DB_URL: sqlite:///./fastapi-practice.db
2023-01-10:17:30:10, INFO [database.py:16]  DB_URL: sqlite:///./fastapi-practice.db
2023-01-10:17:30:16, INFO [database.py:16]  DB_URL: sqlite:///./fastapi-practice.db
2023-01-10:17:31:38, INFO [database.py:16]  DB_URL: sqlite:///./fastapi-practice.db
2023-01-10:17:32:43, INFO [database.py:16]  DB_URL: sqlite:///./fastapi-practice.db
2023-01-10:17:32:54, INFO [database.py:16]  DB_URL: sqlite:///./fastapi-practice.db
2023-01-10:17:33:18, INFO [database.py:16]  DB_URL: sqlite:///./fastapi-practice.db
2023-01-10:17:36:05, INFO [database.py:16]  DB_URL: sqlite:///./fastapi-practice.db
2023-01-10:17:36:13, INFO [database.py:16]  DB_URL: sqlite:///./fastapi-practice.db
2023-01-10:17:37:05, INFO [database.py:16]  DB_URL: sqlite:///./fastapi-practice.db
2023-01-10:17:38:27, INFO [database.py:16]  DB_URL: sqlite:///./fastapi-practice.db
2023-01-10:17:39:56, INFO [database.py:16]  DB_URL: sqlite:///./fastapi-practice.db
2023-01-10:17:42:40, INFO [database.py:16]  DB_URL: sqlite:///./fastapi-practice.db
2023-01-10:17:44:37, INFO [database.py:16]  DB_URL: sqlite:///./fastapi-practice.db
2023-01-10:17:46:59, INFO [database.py:16]  DB_URL: sqlite:///./fastapi-practice.db
2023-01-10:17:49:19, INFO [database.py:16]  DB_URL: sqlite:///./fastapi-practice.db
2023-01-10:17:52:22, INFO [database.py:16]  DB_URL: sqlite:///./fastapi-practice.db
2023-01-10:17:52:57, INFO [database.py:16]  DB_URL: sqlite:///./fastapi-practice.db
2023-01-10:17:58:41, INFO [database.py:16]  DB_URL: sqlite:///./fastapi-practice.db
2023-01-13:17:44:34, INFO [database.py:16]  DB_URL: sqlite:///./fastapi-practice.db
2023-01-13:17:48:28, INFO [database.py:16]  DB_URL: sqlite:///./fastapi-practice.db
2023-01-13:17:49:08, INFO [database.py:16]  DB_URL: sqlite:///./fastapi-practice.db
2023-01-13:17:50:04, INFO [database.py:16]  DB_URL: sqlite:///./fastapi-practice.db
2023-01-13:17:51:47, INFO [database.py:16]  DB_URL: sqlite:///./fastapi-practice.db
2023-01-13:17:52:31, INFO [database.py:16]  DB_URL: sqlite:///./fastapi-practice.db
2023-01-13:17:52:36, INFO [database.py:16]  DB_URL: sqlite:///./fastapi-practice.db
2023-01-13:17:55:31, INFO [database.py:16]  DB_URL: sqlite:///./fastapi-practice.db
2023-01-13:17:55:47, INFO [database.py:16]  DB_URL: sqlite:///./fastapi-practice.db
2023-01-13:19:45:29, INFO [database.py:16]  DB_URL: sqlite:///./fastapi-practice.db
2023-01-13:19:50:15, INFO [database.py:16]  DB_URL: sqlite:///./fastapi-practice.db
2023-01-13:19:50:45, INFO [database.py:16]  DB_URL: sqlite:///./fastapi-practice.db
2023-01-13:19:51:34, INFO [database.py:16]  DB_URL: sqlite:///./fastapi-practice.db
2023-01-14:15:27:46, INFO [database.py:16]  DB_URL: sqlite:///./fastapi-practice.db
2023-01-14:15:28:14, INFO [database.py:16]  DB_URL: sqlite:///./fastapi-practice.db
